Descarga iniciada Sun Tzu - El Arte de la Guerra.pdf
18:11:30,090  INFO Rows:119 - Descarga iniciada Sun Tzu - El Arte de la Guerra.pdf
Descarga iniciada Sun Tzu - El Arte de la Guerra.pdf
Descarga iniciada Sun Tzu - El Arte de la Guerra.pdf
18:11:32,678  INFO Rows:119 - Descarga iniciada Sun Tzu - El Arte de la Guerra.pdf
Descarga elinimada
Descarga elinimada
18:11:36,041  INFO Rows:160 - Descarga elinimada
Fichero elinimado /home/jorge/Descargas/Sun Tzu - El Arte de la Guerra.pdf
Fichero elinimado /home/jorge/Descargas/Sun Tzu - El Arte de la Guerra.pdf
18:11:36,041  INFO Rows:164 - Fichero elinimado /home/jorge/Descargas/Sun Tzu - El Arte de la Guerra.pdf
Descarga Cancelada Sun Tzu - El Arte de la Guerra.pdf
Descarga Cancelada Sun Tzu - El Arte de la Guerra.pdf
18:11:36,104  INFO Rows:139 - Descarga Cancelada Sun Tzu - El Arte de la Guerra.pdf
Descarga elinimada
Descarga elinimada
18:11:37,796  INFO Rows:160 - Descarga elinimada
Fichero elinimado /home/jorge/Descargas/Sun Tzu - El Arte de la Guerra.pdf
Fichero elinimado /home/jorge/Descargas/Sun Tzu - El Arte de la Guerra.pdf
18:11:37,797  INFO Rows:164 - Fichero elinimado /home/jorge/Descargas/Sun Tzu - El Arte de la Guerra.pdf
Descarga Cancelada Sun Tzu - El Arte de la Guerra.pdf
Descarga Cancelada Sun Tzu - El Arte de la Guerra.pdf
18:11:38,183  INFO Rows:139 - Descarga Cancelada Sun Tzu - El Arte de la Guerra.pdf
Descarga iniciada Sun Tzu - El Arte de la Guerra.pdf
19:14:49,621  INFO Rows:119 - Descarga iniciada Sun Tzu - El Arte de la Guerra.pdf
Descarga elinimada
19:15:00,200  INFO Rows:160 - Descarga elinimada
Fichero elinimado /home/jorge/Descargas/Sun Tzu - El Arte de la Guerra.pdf
19:15:00,203  INFO Rows:164 - Fichero elinimado /home/jorge/Descargas/Sun Tzu - El Arte de la Guerra.pdf
Descarga Cancelada Sun Tzu - El Arte de la Guerra.pdf
19:15:00,660  INFO Rows:139 - Descarga Cancelada Sun Tzu - El Arte de la Guerra.pdf
Descarga iniciada Sun Tzu - El Arte de la Guerra.pdf
Descarga iniciada Sun Tzu - El Arte de la Guerra.pdf
19:15:12,063  INFO Rows:119 - Descarga iniciada Sun Tzu - El Arte de la Guerra.pdf
Descarga elinimada
Descarga elinimada
19:15:18,007  INFO Rows:160 - Descarga elinimada
Fichero elinimado /home/jorge/Descargas/Sun Tzu - El Arte de la Guerra.pdf
Fichero elinimado /home/jorge/Descargas/Sun Tzu - El Arte de la Guerra.pdf
19:15:18,008  INFO Rows:164 - Fichero elinimado /home/jorge/Descargas/Sun Tzu - El Arte de la Guerra.pdf
Descarga Cancelada Sun Tzu - El Arte de la Guerra.pdf
Descarga Cancelada Sun Tzu - El Arte de la Guerra.pdf
19:15:18,073  INFO Rows:139 - Descarga Cancelada Sun Tzu - El Arte de la Guerra.pdf
Descarga iniciada Sun Tzu - El Arte de la Guerra.pdf
19:16:04,507  INFO Rows:119 - Descarga iniciada Sun Tzu - El Arte de la Guerra.pdf
Descarga iniciada Sun Tzu - El Arte de la Guerra.pdf
Descarga iniciada Sun Tzu - El Arte de la Guerra.pdf
19:17:59,612  INFO Rows:119 - Descarga iniciada Sun Tzu - El Arte de la Guerra.pdf
Descarga iniciada Sun Tzu - El Arte de la Guerra.pdf
19:19:12,213  INFO Rows:119 - Descarga iniciada Sun Tzu - El Arte de la Guerra.pdf
Descarga iniciada Sun Tzu - El Arte de la Guerra.pdf
19:21:05,285  INFO Rows:119 - Descarga iniciada Sun Tzu - El Arte de la Guerra.pdf
Descarga elinimada
19:21:12,218  INFO Rows:160 - Descarga elinimada
Fichero elinimado /home/jorge/Descargas/Sun Tzu - El Arte de la Guerra.pdf
19:21:12,221  INFO Rows:164 - Fichero elinimado /home/jorge/Descargas/Sun Tzu - El Arte de la Guerra.pdf
Descarga Cancelada Sun Tzu - El Arte de la Guerra.pdf
19:21:12,316  INFO Rows:139 - Descarga Cancelada Sun Tzu - El Arte de la Guerra.pdf
Descarga iniciada Sun Tzu - El Arte de la Guerra.pdf
19:24:02,711  INFO Rows:119 - Descarga iniciada Sun Tzu - El Arte de la Guerra.pdf
Descarga elinimada
19:24:07,524  INFO Rows:160 - Descarga elinimada
Fichero elinimado /home/jorge/Descargas/Sun Tzu - El Arte de la Guerra.pdf
19:24:07,527  INFO Rows:164 - Fichero elinimado /home/jorge/Descargas/Sun Tzu - El Arte de la Guerra.pdf
Descarga Cancelada Sun Tzu - El Arte de la Guerra.pdf
19:24:07,733  INFO Rows:139 - Descarga Cancelada Sun Tzu - El Arte de la Guerra.pdf
Descarga iniciada Sun Tzu - El Arte de la Guerra.pdf
19:26:30,169  INFO Rows:119 - Descarga iniciada Sun Tzu - El Arte de la Guerra.pdf
Descarga finalizada Sun Tzu - El Arte de la Guerra.pdf
19:29:06,264  INFO Rows:147 - Descarga finalizada Sun Tzu - El Arte de la Guerra.pdf
Descarga iniciada Sun Tzu - El Arte de la Guerra.pdf
19:29:31,379  INFO Rows:119 - Descarga iniciada Sun Tzu - El Arte de la Guerra.pdf
Descarga iniciada Sun Tzu - El Arte de la Guerra.pdf
19:31:41,882  INFO Rows:119 - Descarga iniciada Sun Tzu - El Arte de la Guerra.pdf
Descarga elinimada
19:31:46,233  INFO Rows:160 - Descarga elinimada
Fichero elinimado /home/jorge/Descargas/Sun Tzu - El Arte de la Guerra.pdf
19:31:46,235  INFO Rows:164 - Fichero elinimado /home/jorge/Descargas/Sun Tzu - El Arte de la Guerra.pdf
Descarga Cancelada Sun Tzu - El Arte de la Guerra.pdf
19:31:46,454  INFO Rows:139 - Descarga Cancelada Sun Tzu - El Arte de la Guerra.pdf
Descarga iniciada Sun Tzu - El Arte de la Guerra.pdf
19:32:40,950  INFO Rows:119 - Descarga iniciada Sun Tzu - El Arte de la Guerra.pdf
Descarga pausada
19:33:00,513  INFO Rows:96 - Descarga pausada
Descarga Cancelada Sun Tzu - El Arte de la Guerra.pdf
19:33:00,991  INFO Rows:139 - Descarga Cancelada Sun Tzu - El Arte de la Guerra.pdf
Descarga iniciada Sun Tzu - El Arte de la Guerra.pdf
19:35:10,341  INFO Rows:119 - Descarga iniciada Sun Tzu - El Arte de la Guerra.pdf
Descarga pausada
19:35:22,632  INFO Rows:96 - Descarga pausada
Descarga Cancelada Sun Tzu - El Arte de la Guerra.pdf
19:35:22,882  INFO Rows:139 - Descarga Cancelada Sun Tzu - El Arte de la Guerra.pdf
Descarga iniciada Sun Tzu - El Arte de la Guerra.pdf
19:40:22,347  INFO Rows:119 - Descarga iniciada Sun Tzu - El Arte de la Guerra.pdf
Descarga iniciada Sun Tzu - El Arte de la Guerra.pdf
19:41:01,433  INFO Rows:119 - Descarga iniciada Sun Tzu - El Arte de la Guerra.pdf
Descarga iniciada Sun Tzu - El Arte de la Guerra.pdf
19:53:24,607  INFO Rows:119 - Descarga iniciada Sun Tzu - El Arte de la Guerra.pdf
Descarga elinimada
19:54:36,254  INFO Rows:160 - Descarga elinimada
Fichero elinimado 
19:54:36,258  INFO Rows:164 - Fichero elinimado 
Descarga iniciada Sun Tzu - El Arte de la Guerra.pdf
20:03:01,147  INFO Rows:119 - Descarga iniciada Sun Tzu - El Arte de la Guerra.pdf
Descarga iniciada Sun Tzu - El Arte de la Guerra.pdf
20:06:06,840  INFO Rows:119 - Descarga iniciada Sun Tzu - El Arte de la Guerra.pdf
Descarga iniciada Sun Tzu - El Arte de la Guerra.pdf
Descarga iniciada Sun Tzu - El Arte de la Guerra.pdf
20:06:09,661  INFO Rows:119 - Descarga iniciada Sun Tzu - El Arte de la Guerra.pdf
Descarga elinimada
Descarga elinimada
20:06:13,287  INFO Rows:160 - Descarga elinimada
Fichero elinimado /home/jorge/Descargas/Sun Tzu - El Arte de la Guerra.pdf
Fichero elinimado /home/jorge/Descargas/Sun Tzu - El Arte de la Guerra.pdf
20:06:13,288  INFO Rows:164 - Fichero elinimado /home/jorge/Descargas/Sun Tzu - El Arte de la Guerra.pdf
Descarga Cancelada Sun Tzu - El Arte de la Guerra.pdf
Descarga Cancelada Sun Tzu - El Arte de la Guerra.pdf
20:06:13,359  INFO Rows:139 - Descarga Cancelada Sun Tzu - El Arte de la Guerra.pdf
Descarga elinimada
Descarga elinimada
20:06:15,308  INFO Rows:160 - Descarga elinimada
Fichero elinimado /home/jorge/Descargas/Sun Tzu - El Arte de la Guerra.pdf
Fichero elinimado /home/jorge/Descargas/Sun Tzu - El Arte de la Guerra.pdf
20:06:15,309  INFO Rows:164 - Fichero elinimado /home/jorge/Descargas/Sun Tzu - El Arte de la Guerra.pdf
Descarga Cancelada Sun Tzu - El Arte de la Guerra.pdf
Descarga Cancelada Sun Tzu - El Arte de la Guerra.pdf
20:06:15,670  INFO Rows:139 - Descarga Cancelada Sun Tzu - El Arte de la Guerra.pdf
Descarga iniciada Sun Tzu - El Arte de la Guerra.pdf
20:08:39,588  INFO Rows:119 - Descarga iniciada Sun Tzu - El Arte de la Guerra.pdf
Descarga iniciada Sun Tzu - El Arte de la Guerra.pdf
Descarga iniciada Sun Tzu - El Arte de la Guerra.pdf
20:08:42,324  INFO Rows:119 - Descarga iniciada Sun Tzu - El Arte de la Guerra.pdf
Descarga elinimada
Descarga elinimada
20:08:45,230  INFO Rows:160 - Descarga elinimada
Fichero elinimado /home/jorge/Descargas/Sun Tzu - El Arte de la Guerra.pdf
Fichero elinimado /home/jorge/Descargas/Sun Tzu - El Arte de la Guerra.pdf
20:08:45,232  INFO Rows:164 - Fichero elinimado /home/jorge/Descargas/Sun Tzu - El Arte de la Guerra.pdf
Descarga Cancelada Sun Tzu - El Arte de la Guerra.pdf
Descarga Cancelada Sun Tzu - El Arte de la Guerra.pdf
20:08:45,606  INFO Rows:139 - Descarga Cancelada Sun Tzu - El Arte de la Guerra.pdf
Descarga elinimada
Descarga elinimada
20:08:47,144  INFO Rows:160 - Descarga elinimada
Fichero elinimado /home/jorge/Descargas/Sun Tzu - El Arte de la Guerra.pdf
Fichero elinimado /home/jorge/Descargas/Sun Tzu - El Arte de la Guerra.pdf
20:08:47,145  INFO Rows:164 - Fichero elinimado /home/jorge/Descargas/Sun Tzu - El Arte de la Guerra.pdf
Descarga Cancelada Sun Tzu - El Arte de la Guerra.pdf
Descarga Cancelada Sun Tzu - El Arte de la Guerra.pdf
20:08:47,331  INFO Rows:139 - Descarga Cancelada Sun Tzu - El Arte de la Guerra.pdf
Descarga iniciada Sun Tzu - El Arte de la Guerra.pdf
20:09:33,484  INFO Rows:121 - Descarga iniciada Sun Tzu - El Arte de la Guerra.pdf
Descarga iniciada Sun Tzu - El Arte de la Guerra.pdf
Descarga iniciada Sun Tzu - El Arte de la Guerra.pdf
20:09:36,444  INFO Rows:121 - Descarga iniciada Sun Tzu - El Arte de la Guerra.pdf
Descarga elinimada
Descarga elinimada
20:09:38,895  INFO Rows:162 - Descarga elinimada
Fichero elinimado /home/jorge/Descargas/Sun Tzu - El Arte de la Guerra.pdf
Fichero elinimado /home/jorge/Descargas/Sun Tzu - El Arte de la Guerra.pdf
20:09:38,897  INFO Rows:166 - Fichero elinimado /home/jorge/Descargas/Sun Tzu - El Arte de la Guerra.pdf
Descarga Cancelada Sun Tzu - El Arte de la Guerra.pdf
Descarga Cancelada Sun Tzu - El Arte de la Guerra.pdf
20:09:38,950  INFO Rows:141 - Descarga Cancelada Sun Tzu - El Arte de la Guerra.pdf
Descarga elinimada
Descarga elinimada
20:09:40,615  INFO Rows:162 - Descarga elinimada
Fichero elinimado /home/jorge/Descargas/Sun Tzu - El Arte de la Guerra.pdf
Fichero elinimado /home/jorge/Descargas/Sun Tzu - El Arte de la Guerra.pdf
20:09:40,615  INFO Rows:166 - Fichero elinimado /home/jorge/Descargas/Sun Tzu - El Arte de la Guerra.pdf
Descarga Cancelada Sun Tzu - El Arte de la Guerra.pdf
Descarga Cancelada Sun Tzu - El Arte de la Guerra.pdf
20:09:41,016  INFO Rows:141 - Descarga Cancelada Sun Tzu - El Arte de la Guerra.pdf
Descarga iniciada Sun Tzu - El Arte de la Guerra.pdf
20:26:34,604  INFO Rows:118 - Descarga iniciada Sun Tzu - El Arte de la Guerra.pdf
Descarga iniciada Sun Tzu - El Arte de la Guerra.pdf
Descarga iniciada Sun Tzu - El Arte de la Guerra.pdf
20:26:35,777  INFO Rows:118 - Descarga iniciada Sun Tzu - El Arte de la Guerra.pdf
Descarga iniciada Sun Tzu - El Arte de la Guerra.pdf
Descarga iniciada Sun Tzu - El Arte de la Guerra.pdf
Descarga iniciada Sun Tzu - El Arte de la Guerra.pdf
20:26:38,144  INFO Rows:118 - Descarga iniciada Sun Tzu - El Arte de la Guerra.pdf
Descarga elinimada
Descarga elinimada
Descarga elinimada
20:26:49,437  INFO Rows:159 - Descarga elinimada
Fichero elinimado /home/jorge/Descargas/Sun Tzu - El Arte de la Guerra.pdf
Fichero elinimado /home/jorge/Descargas/Sun Tzu - El Arte de la Guerra.pdf
Fichero elinimado /home/jorge/Descargas/Sun Tzu - El Arte de la Guerra.pdf
20:26:49,438  INFO Rows:163 - Fichero elinimado /home/jorge/Descargas/Sun Tzu - El Arte de la Guerra.pdf
Descarga Cancelada Sun Tzu - El Arte de la Guerra.pdf
Descarga Cancelada Sun Tzu - El Arte de la Guerra.pdf
Descarga Cancelada Sun Tzu - El Arte de la Guerra.pdf
20:26:49,638  INFO Rows:138 - Descarga Cancelada Sun Tzu - El Arte de la Guerra.pdf
Descarga elinimada
Descarga elinimada
Descarga elinimada
20:26:51,081  INFO Rows:159 - Descarga elinimada
Fichero elinimado /home/jorge/Descargas/Sun Tzu - El Arte de la Guerra.pdf
Fichero elinimado /home/jorge/Descargas/Sun Tzu - El Arte de la Guerra.pdf
Fichero elinimado /home/jorge/Descargas/Sun Tzu - El Arte de la Guerra.pdf
20:26:51,082  INFO Rows:163 - Fichero elinimado /home/jorge/Descargas/Sun Tzu - El Arte de la Guerra.pdf
Descarga Cancelada Sun Tzu - El Arte de la Guerra.pdf
Descarga Cancelada Sun Tzu - El Arte de la Guerra.pdf
Descarga Cancelada Sun Tzu - El Arte de la Guerra.pdf
20:26:51,293  INFO Rows:138 - Descarga Cancelada Sun Tzu - El Arte de la Guerra.pdf
Descarga elinimada
Descarga elinimada
Descarga elinimada
20:26:53,176  INFO Rows:159 - Descarga elinimada
Fichero elinimado /home/jorge/Descargas/Sun Tzu - El Arte de la Guerra.pdf
Fichero elinimado /home/jorge/Descargas/Sun Tzu - El Arte de la Guerra.pdf
Fichero elinimado /home/jorge/Descargas/Sun Tzu - El Arte de la Guerra.pdf
20:26:53,177  INFO Rows:163 - Fichero elinimado /home/jorge/Descargas/Sun Tzu - El Arte de la Guerra.pdf
Descarga Cancelada Sun Tzu - El Arte de la Guerra.pdf
Descarga Cancelada Sun Tzu - El Arte de la Guerra.pdf
Descarga Cancelada Sun Tzu - El Arte de la Guerra.pdf
20:26:53,662  INFO Rows:138 - Descarga Cancelada Sun Tzu - El Arte de la Guerra.pdf
Descarga iniciada Sun Tzu - El Arte de la Guerra.pdf
20:36:35,540  INFO Rows:118 - Descarga iniciada Sun Tzu - El Arte de la Guerra.pdf
Descarga pausada
20:36:37,718  INFO Rows:94 - Descarga pausada
Descarga Cancelada Sun Tzu - El Arte de la Guerra.pdf
20:36:38,051  INFO Rows:138 - Descarga Cancelada Sun Tzu - El Arte de la Guerra.pdf
Descarga elinimada
20:36:45,485  INFO Rows:159 - Descarga elinimada
Fichero elinimado /home/jorge/Descargas/Sun Tzu - El Arte de la Guerra.pdf
20:36:45,486  INFO Rows:163 - Fichero elinimado /home/jorge/Descargas/Sun Tzu - El Arte de la Guerra.pdf
Descarga elinimada
20:36:46,548  INFO Rows:159 - Descarga elinimada
Fichero elinimado /home/jorge/Descargas/Sun Tzu - El Arte de la Guerra.pdf
20:36:46,549  INFO Rows:163 - Fichero elinimado /home/jorge/Descargas/Sun Tzu - El Arte de la Guerra.pdf
Descarga elinimada
20:36:47,001  INFO Rows:159 - Descarga elinimada
Fichero elinimado /home/jorge/Descargas/Sun Tzu - El Arte de la Guerra.pdf
20:36:47,002  INFO Rows:163 - Fichero elinimado /home/jorge/Descargas/Sun Tzu - El Arte de la Guerra.pdf
Descarga elinimada
20:36:47,252  INFO Rows:159 - Descarga elinimada
Fichero elinimado /home/jorge/Descargas/Sun Tzu - El Arte de la Guerra.pdf
20:36:47,253  INFO Rows:163 - Fichero elinimado /home/jorge/Descargas/Sun Tzu - El Arte de la Guerra.pdf
Descarga elinimada
20:36:47,429  INFO Rows:159 - Descarga elinimada
Fichero elinimado /home/jorge/Descargas/Sun Tzu - El Arte de la Guerra.pdf
20:36:47,429  INFO Rows:163 - Fichero elinimado /home/jorge/Descargas/Sun Tzu - El Arte de la Guerra.pdf
Descarga elinimada
20:36:47,612  INFO Rows:159 - Descarga elinimada
Fichero elinimado /home/jorge/Descargas/Sun Tzu - El Arte de la Guerra.pdf
20:36:47,613  INFO Rows:163 - Fichero elinimado /home/jorge/Descargas/Sun Tzu - El Arte de la Guerra.pdf
Descarga elinimada
20:36:48,092  INFO Rows:159 - Descarga elinimada
Descarga elinimada
20:36:48,532  INFO Rows:159 - Descarga elinimada
Descarga iniciada Sun Tzu - El Arte de la Guerra.pdf
Descarga iniciada Sun Tzu - El Arte de la Guerra.pdf
20:36:52,784  INFO Rows:118 - Descarga iniciada Sun Tzu - El Arte de la Guerra.pdf
Descarga elinimada
Descarga elinimada
20:36:54,740  INFO Rows:159 - Descarga elinimada
Fichero elinimado /home/jorge/Descargas/Sun Tzu - El Arte de la Guerra.pdf
Fichero elinimado /home/jorge/Descargas/Sun Tzu - El Arte de la Guerra.pdf
20:36:54,741  INFO Rows:163 - Fichero elinimado /home/jorge/Descargas/Sun Tzu - El Arte de la Guerra.pdf
Descarga Cancelada Sun Tzu - El Arte de la Guerra.pdf
Descarga Cancelada Sun Tzu - El Arte de la Guerra.pdf
20:36:54,786  INFO Rows:138 - Descarga Cancelada Sun Tzu - El Arte de la Guerra.pdf
Descarga elinimada
Descarga elinimada
20:36:55,493  INFO Rows:159 - Descarga elinimada
Fichero elinimado /home/jorge/Descargas/Sun Tzu - El Arte de la Guerra.pdf
Fichero elinimado /home/jorge/Descargas/Sun Tzu - El Arte de la Guerra.pdf
20:36:55,493  INFO Rows:163 - Fichero elinimado /home/jorge/Descargas/Sun Tzu - El Arte de la Guerra.pdf
Descarga elinimada
Descarga elinimada
20:36:55,724  INFO Rows:159 - Descarga elinimada
Fichero elinimado /home/jorge/Descargas/Sun Tzu - El Arte de la Guerra.pdf
Fichero elinimado /home/jorge/Descargas/Sun Tzu - El Arte de la Guerra.pdf
20:36:55,725  INFO Rows:163 - Fichero elinimado /home/jorge/Descargas/Sun Tzu - El Arte de la Guerra.pdf
Descarga elinimada
Descarga elinimada
20:36:55,876  INFO Rows:159 - Descarga elinimada
Fichero elinimado /home/jorge/Descargas/Sun Tzu - El Arte de la Guerra.pdf
Fichero elinimado /home/jorge/Descargas/Sun Tzu - El Arte de la Guerra.pdf
20:36:55,876  INFO Rows:163 - Fichero elinimado /home/jorge/Descargas/Sun Tzu - El Arte de la Guerra.pdf
Descarga elinimada
Descarga elinimada
20:36:56,044  INFO Rows:159 - Descarga elinimada
Fichero elinimado /home/jorge/Descargas/Sun Tzu - El Arte de la Guerra.pdf
Fichero elinimado /home/jorge/Descargas/Sun Tzu - El Arte de la Guerra.pdf
20:36:56,045  INFO Rows:163 - Fichero elinimado /home/jorge/Descargas/Sun Tzu - El Arte de la Guerra.pdf
Descarga iniciada Sun Tzu - El Arte de la Guerra.pdf
20:37:58,256  INFO Rows:118 - Descarga iniciada Sun Tzu - El Arte de la Guerra.pdf
Descarga elinimada
20:37:59,758  INFO Rows:159 - Descarga elinimada
Fichero elinimado /home/jorge/Descargas/Sun Tzu - El Arte de la Guerra.pdf
20:37:59,759  INFO Rows:163 - Fichero elinimado /home/jorge/Descargas/Sun Tzu - El Arte de la Guerra.pdf
Descarga Cancelada Sun Tzu - El Arte de la Guerra.pdf
20:37:59,768  INFO Rows:138 - Descarga Cancelada Sun Tzu - El Arte de la Guerra.pdf
Descarga pausada
20:38:02,031  INFO Rows:94 - Descarga pausada
Descarga iniciada Sun Tzu - El Arte de la Guerra.pdf
20:41:14,237  INFO Rows:118 - Descarga iniciada Sun Tzu - El Arte de la Guerra.pdf
Descarga pausada
20:41:19,305  INFO Rows:94 - Descarga pausada
Descarga Cancelada Sun Tzu - El Arte de la Guerra.pdf
20:41:19,761  INFO Rows:138 - Descarga Cancelada Sun Tzu - El Arte de la Guerra.pdf
Descarga iniciada Sun Tzu - El Arte de la Guerra.pdf
20:42:13,820  INFO Rows:118 - Descarga iniciada Sun Tzu - El Arte de la Guerra.pdf
Descarga pausada
20:42:19,534  INFO Rows:94 - Descarga pausada
Descarga Cancelada Sun Tzu - El Arte de la Guerra.pdf
20:42:19,835  INFO Rows:138 - Descarga Cancelada Sun Tzu - El Arte de la Guerra.pdf
Descarga iniciada Sun Tzu - El Arte de la Guerra.pdf
20:53:41,453  INFO Rows:118 - Descarga iniciada Sun Tzu - El Arte de la Guerra.pdf
Descarga elinimada
20:53:43,983  INFO Rows:159 - Descarga elinimada
Fichero elinimado /home/jorge/Descargas/Sun Tzu - El Arte de la Guerra.pdf
20:53:43,986  INFO Rows:163 - Fichero elinimado /home/jorge/Descargas/Sun Tzu - El Arte de la Guerra.pdf
Descarga Cancelada Sun Tzu - El Arte de la Guerra.pdf
20:53:44,468  INFO Rows:138 - Descarga Cancelada Sun Tzu - El Arte de la Guerra.pdf
Descarga elinimada
20:53:46,977  INFO Rows:159 - Descarga elinimada
Fichero elinimado /home/jorge/Descargas/Sun Tzu - El Arte de la Guerra.pdf
20:53:46,977  INFO Rows:163 - Fichero elinimado /home/jorge/Descargas/Sun Tzu - El Arte de la Guerra.pdf
Descarga elinimada
20:53:49,026  INFO Rows:159 - Descarga elinimada
Descarga iniciada Sun Tzu - El Arte de la Guerra.pdf
20:54:24,845  INFO Rows:118 - Descarga iniciada Sun Tzu - El Arte de la Guerra.pdf
Descarga elinimada
20:54:26,632  INFO Rows:159 - Descarga elinimada
Fichero elinimado /home/jorge/Descargas/Sun Tzu - El Arte de la Guerra.pdf
20:54:26,635  INFO Rows:163 - Fichero elinimado /home/jorge/Descargas/Sun Tzu - El Arte de la Guerra.pdf
Descarga Cancelada Sun Tzu - El Arte de la Guerra.pdf
20:54:26,855  INFO Rows:138 - Descarga Cancelada Sun Tzu - El Arte de la Guerra.pdf
Descarga elinimada
20:54:29,125  INFO Rows:159 - Descarga elinimada
Fichero elinimado /home/jorge/Descargas/Sun Tzu - El Arte de la Guerra.pdf
20:54:29,125  INFO Rows:163 - Fichero elinimado /home/jorge/Descargas/Sun Tzu - El Arte de la Guerra.pdf
Descarga elinimada
20:54:30,654  INFO Rows:159 - Descarga elinimada
Descarga iniciada Sun Tzu - El Arte de la Guerra.pdf
20:55:07,395  INFO Rows:118 - Descarga iniciada Sun Tzu - El Arte de la Guerra.pdf
Descarga elinimada
20:55:09,007  INFO Rows:159 - Descarga elinimada
Fichero elinimado /home/jorge/Descargas/Sun Tzu - El Arte de la Guerra.pdf
20:55:09,009  INFO Rows:163 - Fichero elinimado /home/jorge/Descargas/Sun Tzu - El Arte de la Guerra.pdf
Descarga Cancelada Sun Tzu - El Arte de la Guerra.pdf
20:55:09,408  INFO Rows:138 - Descarga Cancelada Sun Tzu - El Arte de la Guerra.pdf
Descarga iniciada Sun Tzu - El Arte de la Guerra.pdf
Descarga iniciada Sun Tzu - El Arte de la Guerra.pdf
20:55:18,192  INFO Rows:118 - Descarga iniciada Sun Tzu - El Arte de la Guerra.pdf
Descarga elinimada
Descarga elinimada
20:55:20,874  INFO Rows:159 - Descarga elinimada
Fichero elinimado /home/jorge/Descargas/Sun Tzu - El Arte de la Guerra.pdf
Fichero elinimado /home/jorge/Descargas/Sun Tzu - El Arte de la Guerra.pdf
20:55:20,876  INFO Rows:163 - Fichero elinimado /home/jorge/Descargas/Sun Tzu - El Arte de la Guerra.pdf
Descarga Cancelada Sun Tzu - El Arte de la Guerra.pdf
Descarga Cancelada Sun Tzu - El Arte de la Guerra.pdf
20:55:21,196  INFO Rows:138 - Descarga Cancelada Sun Tzu - El Arte de la Guerra.pdf
Descarga iniciada Sun Tzu - El Arte de la Guerra.pdf
22:08:26,970  INFO Rows:118 - Descarga iniciada Sun Tzu - El Arte de la Guerra.pdf
Descarga pausada
22:08:30,179  INFO Rows:94 - Descarga pausada
Descarga Cancelada Sun Tzu - El Arte de la Guerra.pdf
22:08:30,555  INFO Rows:138 - Descarga Cancelada Sun Tzu - El Arte de la Guerra.pdf
Descarga iniciada Sun Tzu - El Arte de la Guerra.pdf
22:15:35,233  INFO Rows:118 - Descarga iniciada Sun Tzu - El Arte de la Guerra.pdf
Descarga pausada
22:15:38,395  INFO Rows:94 - Descarga pausada
Descarga Cancelada Sun Tzu - El Arte de la Guerra.pdf
22:15:38,758  INFO Rows:138 - Descarga Cancelada Sun Tzu - El Arte de la Guerra.pdf
Descarga iniciada Sun Tzu - El Arte de la Guerra.pdf
Descarga iniciada Sun Tzu - El Arte de la Guerra.pdf
22:15:51,392  INFO Rows:118 - Descarga iniciada Sun Tzu - El Arte de la Guerra.pdf
Descarga iniciada Sun Tzu - El Arte de la Guerra.pdf
Descarga iniciada Sun Tzu - El Arte de la Guerra.pdf
Descarga iniciada Sun Tzu - El Arte de la Guerra.pdf
22:15:57,242  INFO Rows:118 - Descarga iniciada Sun Tzu - El Arte de la Guerra.pdf
Descarga pausada
Descarga pausada
Descarga pausada
22:16:00,939  INFO Rows:94 - Descarga pausada
Descarga Cancelada Sun Tzu - El Arte de la Guerra.pdf
Descarga Cancelada Sun Tzu - El Arte de la Guerra.pdf
Descarga Cancelada Sun Tzu - El Arte de la Guerra.pdf
22:16:00,963  INFO Rows:138 - Descarga Cancelada Sun Tzu - El Arte de la Guerra.pdf
Descarga pausada
Descarga pausada
Descarga pausada
22:16:06,627  INFO Rows:94 - Descarga pausada
Descarga pausada
Descarga pausada
Descarga pausada
22:16:12,355  INFO Rows:94 - Descarga pausada
Descarga Cancelada Sun Tzu - El Arte de la Guerra.pdf
Descarga Cancelada Sun Tzu - El Arte de la Guerra.pdf
Descarga Cancelada Sun Tzu - El Arte de la Guerra.pdf
22:16:12,762  INFO Rows:138 - Descarga Cancelada Sun Tzu - El Arte de la Guerra.pdf
Descarga pausada
Descarga pausada
Descarga pausada
22:16:18,259  INFO Rows:94 - Descarga pausada
Descarga iniciada Sun Tzu - El Arte de la Guerra.pdf
22:21:45,487  INFO Rows:127 - Descarga iniciada Sun Tzu - El Arte de la Guerra.pdf
Descarga iniciada Sun Tzu - El Arte de la Guerra.pdf
Descarga iniciada Sun Tzu - El Arte de la Guerra.pdf
22:21:48,906  INFO Rows:127 - Descarga iniciada Sun Tzu - El Arte de la Guerra.pdf
Descarga pausada
Descarga pausada
22:21:51,413  INFO Rows:103 - Descarga pausada
Descarga Cancelada Sun Tzu - El Arte de la Guerra.pdf
Descarga Cancelada Sun Tzu - El Arte de la Guerra.pdf
22:21:51,504  INFO Rows:147 - Descarga Cancelada Sun Tzu - El Arte de la Guerra.pdf
Descarga pausada
Descarga pausada
Descarga pausada
22:21:59,249  INFO Rows:103 - Descarga pausada
Descarga Cancelada Sun Tzu - El Arte de la Guerra.pdf
Descarga Cancelada Sun Tzu - El Arte de la Guerra.pdf
Descarga Cancelada Sun Tzu - El Arte de la Guerra.pdf
22:21:59,418  INFO Rows:147 - Descarga Cancelada Sun Tzu - El Arte de la Guerra.pdf
Descarga iniciada Sun Tzu - El Arte de la Guerra.pdf
22:23:44,271  INFO Rows:128 - Descarga iniciada Sun Tzu - El Arte de la Guerra.pdf
Descarga iniciada Sun Tzu - El Arte de la Guerra.pdf
Descarga iniciada Sun Tzu - El Arte de la Guerra.pdf
22:23:46,858  INFO Rows:128 - Descarga iniciada Sun Tzu - El Arte de la Guerra.pdf
Descarga pausada
Descarga pausada
22:23:49,208  INFO Rows:103 - Descarga pausada
Descarga Cancelada Sun Tzu - El Arte de la Guerra.pdf
Descarga Cancelada Sun Tzu - El Arte de la Guerra.pdf
22:23:49,283  INFO Rows:148 - Descarga Cancelada Sun Tzu - El Arte de la Guerra.pdf
Descarga iniciada Sun Tzu - El Arte de la Guerra.pdf
Descarga iniciada Sun Tzu - El Arte de la Guerra.pdf
Descarga iniciada Sun Tzu - El Arte de la Guerra.pdf
22:23:50,260  INFO Rows:128 - Descarga iniciada Sun Tzu - El Arte de la Guerra.pdf
Descarga pausada
Descarga pausada
Descarga pausada
22:23:53,727  INFO Rows:103 - Descarga pausada
Descarga Cancelada Sun Tzu - El Arte de la Guerra.pdf
Descarga Cancelada Sun Tzu - El Arte de la Guerra.pdf
Descarga Cancelada Sun Tzu - El Arte de la Guerra.pdf
22:23:53,866  INFO Rows:148 - Descarga Cancelada Sun Tzu - El Arte de la Guerra.pdf
Descarga iniciada Sun Tzu - El Arte de la Guerra.pdf
Descarga iniciada Sun Tzu - El Arte de la Guerra.pdf
Descarga iniciada Sun Tzu - El Arte de la Guerra.pdf
Descarga iniciada Sun Tzu - El Arte de la Guerra.pdf
22:23:54,955  INFO Rows:128 - Descarga iniciada Sun Tzu - El Arte de la Guerra.pdf
Descarga elinimada
Descarga elinimada
Descarga elinimada
Descarga elinimada
22:23:59,083  INFO Rows:169 - Descarga elinimada
Fichero elinimado /home/jorge/Descargas/Sun Tzu - El Arte de la Guerra.pdf
Fichero elinimado /home/jorge/Descargas/Sun Tzu - El Arte de la Guerra.pdf
Fichero elinimado /home/jorge/Descargas/Sun Tzu - El Arte de la Guerra.pdf
Fichero elinimado /home/jorge/Descargas/Sun Tzu - El Arte de la Guerra.pdf
22:23:59,084  INFO Rows:173 - Fichero elinimado /home/jorge/Descargas/Sun Tzu - El Arte de la Guerra.pdf
Descarga Cancelada Sun Tzu - El Arte de la Guerra.pdf
Descarga Cancelada Sun Tzu - El Arte de la Guerra.pdf
Descarga Cancelada Sun Tzu - El Arte de la Guerra.pdf
Descarga Cancelada Sun Tzu - El Arte de la Guerra.pdf
22:23:59,270  INFO Rows:148 - Descarga Cancelada Sun Tzu - El Arte de la Guerra.pdf
Descarga elinimada
Descarga elinimada
Descarga elinimada
Descarga elinimada
22:24:01,067  INFO Rows:169 - Descarga elinimada
Fichero elinimado /home/jorge/Descargas/Sun Tzu - El Arte de la Guerra.pdf
Fichero elinimado /home/jorge/Descargas/Sun Tzu - El Arte de la Guerra.pdf
Fichero elinimado /home/jorge/Descargas/Sun Tzu - El Arte de la Guerra.pdf
Fichero elinimado /home/jorge/Descargas/Sun Tzu - El Arte de la Guerra.pdf
22:24:01,068  INFO Rows:173 - Fichero elinimado /home/jorge/Descargas/Sun Tzu - El Arte de la Guerra.pdf
Descarga Cancelada Sun Tzu - El Arte de la Guerra.pdf
Descarga Cancelada Sun Tzu - El Arte de la Guerra.pdf
Descarga Cancelada Sun Tzu - El Arte de la Guerra.pdf
Descarga Cancelada Sun Tzu - El Arte de la Guerra.pdf
22:24:01,463  INFO Rows:148 - Descarga Cancelada Sun Tzu - El Arte de la Guerra.pdf
Descarga iniciada Sun Tzu - El Arte de la Guerra.pdf
22:28:34,917  INFO Rows:128 - Descarga iniciada Sun Tzu - El Arte de la Guerra.pdf
Descarga iniciada Sun Tzu - El Arte de la Guerra.pdf
Descarga iniciada Sun Tzu - El Arte de la Guerra.pdf
22:28:37,043  INFO Rows:128 - Descarga iniciada Sun Tzu - El Arte de la Guerra.pdf
Descarga pausada
Descarga pausada
22:28:39,785  INFO Rows:103 - Descarga pausada
Descarga Cancelada Sun Tzu - El Arte de la Guerra.pdf
Descarga Cancelada Sun Tzu - El Arte de la Guerra.pdf
22:28:39,931  INFO Rows:148 - Descarga Cancelada Sun Tzu - El Arte de la Guerra.pdf
Descarga iniciada Sun Tzu - El Arte de la Guerra.pdf
Descarga iniciada Sun Tzu - El Arte de la Guerra.pdf
Descarga iniciada Sun Tzu - El Arte de la Guerra.pdf
22:28:41,081  INFO Rows:128 - Descarga iniciada Sun Tzu - El Arte de la Guerra.pdf
Descarga pausada
Descarga pausada
Descarga pausada
22:28:44,652  INFO Rows:103 - Descarga pausada
Descarga Cancelada Sun Tzu - El Arte de la Guerra.pdf
Descarga Cancelada Sun Tzu - El Arte de la Guerra.pdf
Descarga Cancelada Sun Tzu - El Arte de la Guerra.pdf
22:28:45,051  INFO Rows:148 - Descarga Cancelada Sun Tzu - El Arte de la Guerra.pdf
Descarga iniciada Sun Tzu - El Arte de la Guerra.pdf
Descarga iniciada Sun Tzu - El Arte de la Guerra.pdf
Descarga iniciada Sun Tzu - El Arte de la Guerra.pdf
Descarga iniciada Sun Tzu - El Arte de la Guerra.pdf
22:28:45,890  INFO Rows:128 - Descarga iniciada Sun Tzu - El Arte de la Guerra.pdf
Descarga iniciada Sun Tzu - El Arte de la Guerra.pdf
Descarga iniciada Sun Tzu - El Arte de la Guerra.pdf
Descarga iniciada Sun Tzu - El Arte de la Guerra.pdf
Descarga iniciada Sun Tzu - El Arte de la Guerra.pdf
Descarga iniciada Sun Tzu - El Arte de la Guerra.pdf
22:28:58,497  INFO Rows:128 - Descarga iniciada Sun Tzu - El Arte de la Guerra.pdf
Descarga pausada
Descarga pausada
Descarga pausada
Descarga pausada
Descarga pausada
22:29:01,835  INFO Rows:103 - Descarga pausada
Descarga Cancelada Sun Tzu - El Arte de la Guerra.pdf
Descarga Cancelada Sun Tzu - El Arte de la Guerra.pdf
Descarga Cancelada Sun Tzu - El Arte de la Guerra.pdf
Descarga Cancelada Sun Tzu - El Arte de la Guerra.pdf
Descarga Cancelada Sun Tzu - El Arte de la Guerra.pdf
22:29:02,105  INFO Rows:148 - Descarga Cancelada Sun Tzu - El Arte de la Guerra.pdf
Descarga iniciada Sun Tzu - El Arte de la Guerra.pdf
Descarga iniciada Sun Tzu - El Arte de la Guerra.pdf
Descarga iniciada Sun Tzu - El Arte de la Guerra.pdf
Descarga iniciada Sun Tzu - El Arte de la Guerra.pdf
Descarga iniciada Sun Tzu - El Arte de la Guerra.pdf
Descarga iniciada Sun Tzu - El Arte de la Guerra.pdf
22:29:03,059  INFO Rows:128 - Descarga iniciada Sun Tzu - El Arte de la Guerra.pdf
Descarga pausada
Descarga pausada
Descarga pausada
Descarga pausada
Descarga pausada
Descarga pausada
22:29:05,792  INFO Rows:103 - Descarga pausada
Descarga Cancelada Sun Tzu - El Arte de la Guerra.pdf
Descarga Cancelada Sun Tzu - El Arte de la Guerra.pdf
Descarga Cancelada Sun Tzu - El Arte de la Guerra.pdf
Descarga Cancelada Sun Tzu - El Arte de la Guerra.pdf
Descarga Cancelada Sun Tzu - El Arte de la Guerra.pdf
Descarga Cancelada Sun Tzu - El Arte de la Guerra.pdf
22:29:05,913  INFO Rows:148 - Descarga Cancelada Sun Tzu - El Arte de la Guerra.pdf
Descarga iniciada Sun Tzu - El Arte de la Guerra.pdf
Descarga iniciada Sun Tzu - El Arte de la Guerra.pdf
Descarga iniciada Sun Tzu - El Arte de la Guerra.pdf
Descarga iniciada Sun Tzu - El Arte de la Guerra.pdf
Descarga iniciada Sun Tzu - El Arte de la Guerra.pdf
Descarga iniciada Sun Tzu - El Arte de la Guerra.pdf
Descarga iniciada Sun Tzu - El Arte de la Guerra.pdf
22:29:07,042  INFO Rows:128 - Descarga iniciada Sun Tzu - El Arte de la Guerra.pdf
Descarga pausada
Descarga pausada
Descarga pausada
Descarga pausada
Descarga pausada
Descarga pausada
Descarga pausada
22:29:10,207  INFO Rows:103 - Descarga pausada
Descarga Cancelada Sun Tzu - El Arte de la Guerra.pdf
Descarga Cancelada Sun Tzu - El Arte de la Guerra.pdf
Descarga Cancelada Sun Tzu - El Arte de la Guerra.pdf
Descarga Cancelada Sun Tzu - El Arte de la Guerra.pdf
Descarga Cancelada Sun Tzu - El Arte de la Guerra.pdf
Descarga Cancelada Sun Tzu - El Arte de la Guerra.pdf
Descarga Cancelada Sun Tzu - El Arte de la Guerra.pdf
22:29:10,510  INFO Rows:148 - Descarga Cancelada Sun Tzu - El Arte de la Guerra.pdf
Descarga iniciada Sun Tzu - El Arte de la Guerra.pdf
Descarga iniciada Sun Tzu - El Arte de la Guerra.pdf
Descarga iniciada Sun Tzu - El Arte de la Guerra.pdf
Descarga iniciada Sun Tzu - El Arte de la Guerra.pdf
Descarga iniciada Sun Tzu - El Arte de la Guerra.pdf
Descarga iniciada Sun Tzu - El Arte de la Guerra.pdf
Descarga iniciada Sun Tzu - El Arte de la Guerra.pdf
Descarga iniciada Sun Tzu - El Arte de la Guerra.pdf
22:29:11,306  INFO Rows:128 - Descarga iniciada Sun Tzu - El Arte de la Guerra.pdf
Descarga iniciada Sun Tzu - El Arte de la Guerra.pdf
Descarga iniciada Sun Tzu - El Arte de la Guerra.pdf
Descarga iniciada Sun Tzu - El Arte de la Guerra.pdf
Descarga iniciada Sun Tzu - El Arte de la Guerra.pdf
Descarga iniciada Sun Tzu - El Arte de la Guerra.pdf
Descarga iniciada Sun Tzu - El Arte de la Guerra.pdf
Descarga iniciada Sun Tzu - El Arte de la Guerra.pdf
Descarga iniciada Sun Tzu - El Arte de la Guerra.pdf
Descarga iniciada Sun Tzu - El Arte de la Guerra.pdf
22:29:22,984  INFO Rows:128 - Descarga iniciada Sun Tzu - El Arte de la Guerra.pdf
Descarga finalizada Sun Tzu - El Arte de la Guerra.pdf
Descarga finalizada Sun Tzu - El Arte de la Guerra.pdf
Descarga finalizada Sun Tzu - El Arte de la Guerra.pdf
Descarga finalizada Sun Tzu - El Arte de la Guerra.pdf
Descarga finalizada Sun Tzu - El Arte de la Guerra.pdf
Descarga finalizada Sun Tzu - El Arte de la Guerra.pdf
Descarga finalizada Sun Tzu - El Arte de la Guerra.pdf
Descarga finalizada Sun Tzu - El Arte de la Guerra.pdf
Descarga finalizada Sun Tzu - El Arte de la Guerra.pdf
22:29:28,084  INFO Rows:156 - Descarga finalizada Sun Tzu - El Arte de la Guerra.pdf
Descarga finalizada Sun Tzu - El Arte de la Guerra.pdf
Descarga finalizada Sun Tzu - El Arte de la Guerra.pdf
Descarga finalizada Sun Tzu - El Arte de la Guerra.pdf
Descarga finalizada Sun Tzu - El Arte de la Guerra.pdf
Descarga finalizada Sun Tzu - El Arte de la Guerra.pdf
Descarga finalizada Sun Tzu - El Arte de la Guerra.pdf
Descarga finalizada Sun Tzu - El Arte de la Guerra.pdf
Descarga finalizada Sun Tzu - El Arte de la Guerra.pdf
Descarga finalizada Sun Tzu - El Arte de la Guerra.pdf
Descarga finalizada Sun Tzu - El Arte de la Guerra.pdf
22:29:32,569  INFO Rows:156 - Descarga finalizada Sun Tzu - El Arte de la Guerra.pdf
Descarga finalizada Sun Tzu - El Arte de la Guerra.pdf
Descarga finalizada Sun Tzu - El Arte de la Guerra.pdf
Descarga finalizada Sun Tzu - El Arte de la Guerra.pdf
Descarga finalizada Sun Tzu - El Arte de la Guerra.pdf
Descarga finalizada Sun Tzu - El Arte de la Guerra.pdf
Descarga finalizada Sun Tzu - El Arte de la Guerra.pdf
Descarga finalizada Sun Tzu - El Arte de la Guerra.pdf
Descarga finalizada Sun Tzu - El Arte de la Guerra.pdf
Descarga finalizada Sun Tzu - El Arte de la Guerra.pdf
Descarga finalizada Sun Tzu - El Arte de la Guerra.pdf
22:29:36,832  INFO Rows:156 - Descarga finalizada Sun Tzu - El Arte de la Guerra.pdf
Descarga pausada
Descarga pausada
Descarga pausada
Descarga pausada
Descarga pausada
Descarga pausada
Descarga pausada
Descarga pausada
Descarga pausada
Descarga pausada
22:29:39,452  INFO Rows:103 - Descarga pausada
Descarga Cancelada Sun Tzu - El Arte de la Guerra.pdf
Descarga Cancelada Sun Tzu - El Arte de la Guerra.pdf
Descarga Cancelada Sun Tzu - El Arte de la Guerra.pdf
Descarga Cancelada Sun Tzu - El Arte de la Guerra.pdf
Descarga Cancelada Sun Tzu - El Arte de la Guerra.pdf
Descarga Cancelada Sun Tzu - El Arte de la Guerra.pdf
Descarga Cancelada Sun Tzu - El Arte de la Guerra.pdf
Descarga Cancelada Sun Tzu - El Arte de la Guerra.pdf
Descarga Cancelada Sun Tzu - El Arte de la Guerra.pdf
Descarga Cancelada Sun Tzu - El Arte de la Guerra.pdf
22:29:39,502  INFO Rows:148 - Descarga Cancelada Sun Tzu - El Arte de la Guerra.pdf
Descarga elinimada
Descarga elinimada
Descarga elinimada
Descarga elinimada
Descarga elinimada
Descarga elinimada
Descarga elinimada
Descarga elinimada
Descarga elinimada
Descarga elinimada
Descarga elinimada
22:29:54,355  INFO Rows:169 - Descarga elinimada
Fichero elinimado /home/jorge/Descargas/Sun Tzu - El Arte de la Guerra.pdf
Fichero elinimado /home/jorge/Descargas/Sun Tzu - El Arte de la Guerra.pdf
Fichero elinimado /home/jorge/Descargas/Sun Tzu - El Arte de la Guerra.pdf
Fichero elinimado /home/jorge/Descargas/Sun Tzu - El Arte de la Guerra.pdf
Fichero elinimado /home/jorge/Descargas/Sun Tzu - El Arte de la Guerra.pdf
Fichero elinimado /home/jorge/Descargas/Sun Tzu - El Arte de la Guerra.pdf
Fichero elinimado /home/jorge/Descargas/Sun Tzu - El Arte de la Guerra.pdf
Fichero elinimado /home/jorge/Descargas/Sun Tzu - El Arte de la Guerra.pdf
Fichero elinimado /home/jorge/Descargas/Sun Tzu - El Arte de la Guerra.pdf
Fichero elinimado /home/jorge/Descargas/Sun Tzu - El Arte de la Guerra.pdf
Fichero elinimado /home/jorge/Descargas/Sun Tzu - El Arte de la Guerra.pdf
22:29:54,356  INFO Rows:173 - Fichero elinimado /home/jorge/Descargas/Sun Tzu - El Arte de la Guerra.pdf
Descarga elinimada
Descarga elinimada
Descarga elinimada
Descarga elinimada
Descarga elinimada
Descarga elinimada
Descarga elinimada
Descarga elinimada
Descarga elinimada
Descarga elinimada
Descarga elinimada
22:29:56,209  INFO Rows:169 - Descarga elinimada
Fichero elinimado /home/jorge/Descargas/Sun Tzu - El Arte de la Guerra.pdf
Fichero elinimado /home/jorge/Descargas/Sun Tzu - El Arte de la Guerra.pdf
Fichero elinimado /home/jorge/Descargas/Sun Tzu - El Arte de la Guerra.pdf
Fichero elinimado /home/jorge/Descargas/Sun Tzu - El Arte de la Guerra.pdf
Fichero elinimado /home/jorge/Descargas/Sun Tzu - El Arte de la Guerra.pdf
Fichero elinimado /home/jorge/Descargas/Sun Tzu - El Arte de la Guerra.pdf
Fichero elinimado /home/jorge/Descargas/Sun Tzu - El Arte de la Guerra.pdf
Fichero elinimado /home/jorge/Descargas/Sun Tzu - El Arte de la Guerra.pdf
Fichero elinimado /home/jorge/Descargas/Sun Tzu - El Arte de la Guerra.pdf
Fichero elinimado /home/jorge/Descargas/Sun Tzu - El Arte de la Guerra.pdf
Fichero elinimado /home/jorge/Descargas/Sun Tzu - El Arte de la Guerra.pdf
22:29:56,209  INFO Rows:173 - Fichero elinimado /home/jorge/Descargas/Sun Tzu - El Arte de la Guerra.pdf
Descarga elinimada
Descarga elinimada
Descarga elinimada
Descarga elinimada
Descarga elinimada
Descarga elinimada
Descarga elinimada
Descarga elinimada
Descarga elinimada
Descarga elinimada
Descarga elinimada
22:29:58,123  INFO Rows:169 - Descarga elinimada
Fichero elinimado /home/jorge/Descargas/Sun Tzu - El Arte de la Guerra.pdf
Fichero elinimado /home/jorge/Descargas/Sun Tzu - El Arte de la Guerra.pdf
Fichero elinimado /home/jorge/Descargas/Sun Tzu - El Arte de la Guerra.pdf
Fichero elinimado /home/jorge/Descargas/Sun Tzu - El Arte de la Guerra.pdf
Fichero elinimado /home/jorge/Descargas/Sun Tzu - El Arte de la Guerra.pdf
Fichero elinimado /home/jorge/Descargas/Sun Tzu - El Arte de la Guerra.pdf
Fichero elinimado /home/jorge/Descargas/Sun Tzu - El Arte de la Guerra.pdf
Fichero elinimado /home/jorge/Descargas/Sun Tzu - El Arte de la Guerra.pdf
Fichero elinimado /home/jorge/Descargas/Sun Tzu - El Arte de la Guerra.pdf
Fichero elinimado /home/jorge/Descargas/Sun Tzu - El Arte de la Guerra.pdf
Fichero elinimado /home/jorge/Descargas/Sun Tzu - El Arte de la Guerra.pdf
22:29:58,124  INFO Rows:173 - Fichero elinimado /home/jorge/Descargas/Sun Tzu - El Arte de la Guerra.pdf
Descarga iniciada Sun Tzu - El Arte de la Guerra.pdf
Descarga iniciada Sun Tzu - El Arte de la Guerra.pdf
Descarga iniciada Sun Tzu - El Arte de la Guerra.pdf
Descarga iniciada Sun Tzu - El Arte de la Guerra.pdf
Descarga iniciada Sun Tzu - El Arte de la Guerra.pdf
Descarga iniciada Sun Tzu - El Arte de la Guerra.pdf
Descarga iniciada Sun Tzu - El Arte de la Guerra.pdf
Descarga iniciada Sun Tzu - El Arte de la Guerra.pdf
Descarga iniciada Sun Tzu - El Arte de la Guerra.pdf
Descarga iniciada Sun Tzu - El Arte de la Guerra.pdf
Descarga iniciada Sun Tzu - El Arte de la Guerra.pdf
22:30:01,024  INFO Rows:128 - Descarga iniciada Sun Tzu - El Arte de la Guerra.pdf
Descarga pausada
Descarga pausada
Descarga pausada
Descarga pausada
Descarga pausada
Descarga pausada
Descarga pausada
Descarga pausada
Descarga pausada
Descarga pausada
Descarga pausada
Descarga pausada
22:30:19,394  INFO Rows:103 - Descarga pausada
Descarga pausada
Descarga pausada
Descarga pausada
Descarga pausada
Descarga pausada
Descarga pausada
Descarga pausada
Descarga pausada
Descarga pausada
Descarga pausada
Descarga pausada
Descarga pausada
22:30:23,947  INFO Rows:103 - Descarga pausada
Descarga finalizada Sun Tzu - El Arte de la Guerra.pdf
Descarga finalizada Sun Tzu - El Arte de la Guerra.pdf
Descarga finalizada Sun Tzu - El Arte de la Guerra.pdf
Descarga finalizada Sun Tzu - El Arte de la Guerra.pdf
Descarga finalizada Sun Tzu - El Arte de la Guerra.pdf
Descarga finalizada Sun Tzu - El Arte de la Guerra.pdf
Descarga finalizada Sun Tzu - El Arte de la Guerra.pdf
Descarga finalizada Sun Tzu - El Arte de la Guerra.pdf
Descarga finalizada Sun Tzu - El Arte de la Guerra.pdf
Descarga finalizada Sun Tzu - El Arte de la Guerra.pdf
Descarga finalizada Sun Tzu - El Arte de la Guerra.pdf
Descarga finalizada Sun Tzu - El Arte de la Guerra.pdf
22:30:26,056  INFO Rows:156 - Descarga finalizada Sun Tzu - El Arte de la Guerra.pdf
Descarga pausada
Descarga pausada
Descarga pausada
Descarga pausada
Descarga pausada
Descarga pausada
Descarga pausada
Descarga pausada
Descarga pausada
Descarga pausada
Descarga pausada
Descarga pausada
22:30:29,272  INFO Rows:103 - Descarga pausada
Descarga iniciada Sun Tzu - El Arte de la Guerra.pdf
Descarga iniciada Sun Tzu - El Arte de la Guerra.pdf
Descarga iniciada Sun Tzu - El Arte de la Guerra.pdf
Descarga iniciada Sun Tzu - El Arte de la Guerra.pdf
Descarga iniciada Sun Tzu - El Arte de la Guerra.pdf
Descarga iniciada Sun Tzu - El Arte de la Guerra.pdf
Descarga iniciada Sun Tzu - El Arte de la Guerra.pdf
Descarga iniciada Sun Tzu - El Arte de la Guerra.pdf
Descarga iniciada Sun Tzu - El Arte de la Guerra.pdf
Descarga iniciada Sun Tzu - El Arte de la Guerra.pdf
Descarga iniciada Sun Tzu - El Arte de la Guerra.pdf
Descarga iniciada Sun Tzu - El Arte de la Guerra.pdf
Descarga iniciada Sun Tzu - El Arte de la Guerra.pdf
Descarga iniciada Sun Tzu - El Arte de la Guerra.pdf
22:31:05,948  INFO Rows:128 - Descarga iniciada Sun Tzu - El Arte de la Guerra.pdf
Descarga pausada
Descarga pausada
Descarga pausada
Descarga pausada
Descarga pausada
Descarga pausada
Descarga pausada
Descarga pausada
Descarga pausada
Descarga pausada
Descarga pausada
Descarga pausada
Descarga pausada
Descarga pausada
22:31:09,023  INFO Rows:103 - Descarga pausada
Descarga Cancelada Sun Tzu - El Arte de la Guerra.pdf
Descarga Cancelada Sun Tzu - El Arte de la Guerra.pdf
Descarga Cancelada Sun Tzu - El Arte de la Guerra.pdf
Descarga Cancelada Sun Tzu - El Arte de la Guerra.pdf
Descarga Cancelada Sun Tzu - El Arte de la Guerra.pdf
Descarga Cancelada Sun Tzu - El Arte de la Guerra.pdf
Descarga Cancelada Sun Tzu - El Arte de la Guerra.pdf
Descarga Cancelada Sun Tzu - El Arte de la Guerra.pdf
Descarga Cancelada Sun Tzu - El Arte de la Guerra.pdf
Descarga Cancelada Sun Tzu - El Arte de la Guerra.pdf
Descarga Cancelada Sun Tzu - El Arte de la Guerra.pdf
Descarga Cancelada Sun Tzu - El Arte de la Guerra.pdf
Descarga Cancelada Sun Tzu - El Arte de la Guerra.pdf
Descarga Cancelada Sun Tzu - El Arte de la Guerra.pdf
22:31:09,453  INFO Rows:148 - Descarga Cancelada Sun Tzu - El Arte de la Guerra.pdf
Descarga pausada
Descarga pausada
Descarga pausada
Descarga pausada
Descarga pausada
Descarga pausada
Descarga pausada
Descarga pausada
Descarga pausada
Descarga pausada
Descarga pausada
Descarga pausada
Descarga pausada
Descarga pausada
Descarga pausada
22:31:20,154  INFO Rows:103 - Descarga pausada
Descarga iniciada Sun Tzu - El Arte de la Guerra.pdf
22:38:38,788  INFO Rows:138 - Descarga iniciada Sun Tzu - El Arte de la Guerra.pdf
Descarga iniciada Sun Tzu - El Arte de la Guerra.pdf
Descarga iniciada Sun Tzu - El Arte de la Guerra.pdf
22:38:41,288  INFO Rows:138 - Descarga iniciada Sun Tzu - El Arte de la Guerra.pdf
Descarga iniciada Sun Tzu - El Arte de la Guerra.pdf
Descarga iniciada Sun Tzu - El Arte de la Guerra.pdf
Descarga iniciada Sun Tzu - El Arte de la Guerra.pdf
22:38:44,321  INFO Rows:138 - Descarga iniciada Sun Tzu - El Arte de la Guerra.pdf
Descarga pausada
Descarga pausada
Descarga pausada
22:38:49,109  INFO Rows:107 - Descarga pausada
Descarga Cancelada Sun Tzu - El Arte de la Guerra.pdf
Descarga Cancelada Sun Tzu - El Arte de la Guerra.pdf
Descarga Cancelada Sun Tzu - El Arte de la Guerra.pdf
22:38:49,316  INFO Rows:158 - Descarga Cancelada Sun Tzu - El Arte de la Guerra.pdf
Descarga iniciada Sun Tzu - El Arte de la Guerra.pdf
Descarga iniciada Sun Tzu - El Arte de la Guerra.pdf
Descarga iniciada Sun Tzu - El Arte de la Guerra.pdf
Descarga iniciada Sun Tzu - El Arte de la Guerra.pdf
22:38:50,120  INFO Rows:138 - Descarga iniciada Sun Tzu - El Arte de la Guerra.pdf
Descarga pausada
Descarga pausada
Descarga pausada
Descarga pausada
22:38:52,466  INFO Rows:107 - Descarga pausada
Descarga Cancelada Sun Tzu - El Arte de la Guerra.pdf
Descarga Cancelada Sun Tzu - El Arte de la Guerra.pdf
Descarga Cancelada Sun Tzu - El Arte de la Guerra.pdf
Descarga Cancelada Sun Tzu - El Arte de la Guerra.pdf
22:38:52,799  INFO Rows:158 - Descarga Cancelada Sun Tzu - El Arte de la Guerra.pdf
Descarga pausada
Descarga pausada
Descarga pausada
Descarga pausada
22:38:54,784  INFO Rows:107 - Descarga pausada
Descarga Cancelada Sun Tzu - El Arte de la Guerra.pdf
Descarga Cancelada Sun Tzu - El Arte de la Guerra.pdf
Descarga Cancelada Sun Tzu - El Arte de la Guerra.pdf
Descarga Cancelada Sun Tzu - El Arte de la Guerra.pdf
22:38:54,830  INFO Rows:158 - Descarga Cancelada Sun Tzu - El Arte de la Guerra.pdf
Descarga iniciada Sun Tzu - El Arte de la Guerra.pdf
Descarga iniciada Sun Tzu - El Arte de la Guerra.pdf
Descarga iniciada Sun Tzu - El Arte de la Guerra.pdf
Descarga iniciada Sun Tzu - El Arte de la Guerra.pdf
Descarga iniciada Sun Tzu - El Arte de la Guerra.pdf
22:38:56,187  INFO Rows:138 - Descarga iniciada Sun Tzu - El Arte de la Guerra.pdf
Descarga iniciada Sun Tzu - El Arte de la Guerra.pdf
Descarga iniciada Sun Tzu - El Arte de la Guerra.pdf
Descarga iniciada Sun Tzu - El Arte de la Guerra.pdf
Descarga iniciada Sun Tzu - El Arte de la Guerra.pdf
Descarga iniciada Sun Tzu - El Arte de la Guerra.pdf
Descarga iniciada Sun Tzu - El Arte de la Guerra.pdf
22:38:57,854  INFO Rows:138 - Descarga iniciada Sun Tzu - El Arte de la Guerra.pdf
Descarga elinimada
Descarga elinimada
Descarga elinimada
Descarga elinimada
Descarga elinimada
Descarga elinimada
22:39:03,465  INFO Rows:179 - Descarga elinimada
Fichero elinimado /home/jorge/Descargas/Sun Tzu - El Arte de la Guerra.pdf
Fichero elinimado /home/jorge/Descargas/Sun Tzu - El Arte de la Guerra.pdf
Fichero elinimado /home/jorge/Descargas/Sun Tzu - El Arte de la Guerra.pdf
Fichero elinimado /home/jorge/Descargas/Sun Tzu - El Arte de la Guerra.pdf
Fichero elinimado /home/jorge/Descargas/Sun Tzu - El Arte de la Guerra.pdf
Fichero elinimado /home/jorge/Descargas/Sun Tzu - El Arte de la Guerra.pdf
22:39:03,465  INFO Rows:183 - Fichero elinimado /home/jorge/Descargas/Sun Tzu - El Arte de la Guerra.pdf
Descarga Cancelada Sun Tzu - El Arte de la Guerra.pdf
Descarga Cancelada Sun Tzu - El Arte de la Guerra.pdf
Descarga Cancelada Sun Tzu - El Arte de la Guerra.pdf
Descarga Cancelada Sun Tzu - El Arte de la Guerra.pdf
Descarga Cancelada Sun Tzu - El Arte de la Guerra.pdf
Descarga Cancelada Sun Tzu - El Arte de la Guerra.pdf
22:39:03,634  INFO Rows:158 - Descarga Cancelada Sun Tzu - El Arte de la Guerra.pdf
Descarga elinimada
Descarga elinimada
Descarga elinimada
Descarga elinimada
Descarga elinimada
Descarga elinimada
22:39:05,513  INFO Rows:179 - Descarga elinimada
Fichero elinimado /home/jorge/Descargas/Sun Tzu - El Arte de la Guerra.pdf
Fichero elinimado /home/jorge/Descargas/Sun Tzu - El Arte de la Guerra.pdf
Fichero elinimado /home/jorge/Descargas/Sun Tzu - El Arte de la Guerra.pdf
Fichero elinimado /home/jorge/Descargas/Sun Tzu - El Arte de la Guerra.pdf
Fichero elinimado /home/jorge/Descargas/Sun Tzu - El Arte de la Guerra.pdf
Fichero elinimado /home/jorge/Descargas/Sun Tzu - El Arte de la Guerra.pdf
22:39:05,516  INFO Rows:183 - Fichero elinimado /home/jorge/Descargas/Sun Tzu - El Arte de la Guerra.pdf
Descarga Cancelada Sun Tzu - El Arte de la Guerra.pdf
Descarga Cancelada Sun Tzu - El Arte de la Guerra.pdf
Descarga Cancelada Sun Tzu - El Arte de la Guerra.pdf
Descarga Cancelada Sun Tzu - El Arte de la Guerra.pdf
Descarga Cancelada Sun Tzu - El Arte de la Guerra.pdf
Descarga Cancelada Sun Tzu - El Arte de la Guerra.pdf
22:39:05,864  INFO Rows:158 - Descarga Cancelada Sun Tzu - El Arte de la Guerra.pdf
Descarga elinimada
Descarga elinimada
Descarga elinimada
Descarga elinimada
Descarga elinimada
Descarga elinimada
22:39:07,371  INFO Rows:179 - Descarga elinimada
Fichero elinimado /home/jorge/Descargas/Sun Tzu - El Arte de la Guerra.pdf
Fichero elinimado /home/jorge/Descargas/Sun Tzu - El Arte de la Guerra.pdf
Fichero elinimado /home/jorge/Descargas/Sun Tzu - El Arte de la Guerra.pdf
Fichero elinimado /home/jorge/Descargas/Sun Tzu - El Arte de la Guerra.pdf
Fichero elinimado /home/jorge/Descargas/Sun Tzu - El Arte de la Guerra.pdf
Fichero elinimado /home/jorge/Descargas/Sun Tzu - El Arte de la Guerra.pdf
22:39:07,372  INFO Rows:183 - Fichero elinimado /home/jorge/Descargas/Sun Tzu - El Arte de la Guerra.pdf
Descarga Cancelada Sun Tzu - El Arte de la Guerra.pdf
Descarga Cancelada Sun Tzu - El Arte de la Guerra.pdf
Descarga Cancelada Sun Tzu - El Arte de la Guerra.pdf
Descarga Cancelada Sun Tzu - El Arte de la Guerra.pdf
Descarga Cancelada Sun Tzu - El Arte de la Guerra.pdf
Descarga Cancelada Sun Tzu - El Arte de la Guerra.pdf
22:39:07,698  INFO Rows:158 - Descarga Cancelada Sun Tzu - El Arte de la Guerra.pdf
Descarga iniciada Sun Tzu - El Arte de la Guerra.pdf
22:39:53,130  INFO Rows:130 - Descarga iniciada Sun Tzu - El Arte de la Guerra.pdf
Descarga iniciada Sun Tzu - El Arte de la Guerra.pdf
Descarga iniciada Sun Tzu - El Arte de la Guerra.pdf
22:39:55,731  INFO Rows:130 - Descarga iniciada Sun Tzu - El Arte de la Guerra.pdf
Descarga iniciada Sun Tzu - El Arte de la Guerra.pdf
Descarga iniciada Sun Tzu - El Arte de la Guerra.pdf
Descarga iniciada Sun Tzu - El Arte de la Guerra.pdf
22:39:58,492  INFO Rows:130 - Descarga iniciada Sun Tzu - El Arte de la Guerra.pdf
Descarga iniciada Sun Tzu - El Arte de la Guerra.pdf
Descarga iniciada Sun Tzu - El Arte de la Guerra.pdf
Descarga iniciada Sun Tzu - El Arte de la Guerra.pdf
Descarga iniciada Sun Tzu - El Arte de la Guerra.pdf
22:40:02,218  INFO Rows:130 - Descarga iniciada Sun Tzu - El Arte de la Guerra.pdf
Descarga finalizada Sun Tzu - El Arte de la Guerra.pdf
Descarga finalizada Sun Tzu - El Arte de la Guerra.pdf
Descarga finalizada Sun Tzu - El Arte de la Guerra.pdf
Descarga finalizada Sun Tzu - El Arte de la Guerra.pdf
22:40:18,162  INFO Rows:158 - Descarga finalizada Sun Tzu - El Arte de la Guerra.pdf
Descarga finalizada Sun Tzu - El Arte de la Guerra.pdf
Descarga finalizada Sun Tzu - El Arte de la Guerra.pdf
Descarga finalizada Sun Tzu - El Arte de la Guerra.pdf
Descarga finalizada Sun Tzu - El Arte de la Guerra.pdf
22:40:21,253  INFO Rows:158 - Descarga finalizada Sun Tzu - El Arte de la Guerra.pdf
Descarga iniciada Sun Tzu - El Arte de la Guerra.pdf
Descarga iniciada Sun Tzu - El Arte de la Guerra.pdf
Descarga iniciada Sun Tzu - El Arte de la Guerra.pdf
Descarga iniciada Sun Tzu - El Arte de la Guerra.pdf
Descarga iniciada Sun Tzu - El Arte de la Guerra.pdf
22:40:21,650  INFO Rows:130 - Descarga iniciada Sun Tzu - El Arte de la Guerra.pdf
Descarga iniciada Sun Tzu - El Arte de la Guerra.pdf
Descarga iniciada Sun Tzu - El Arte de la Guerra.pdf
Descarga iniciada Sun Tzu - El Arte de la Guerra.pdf
Descarga iniciada Sun Tzu - El Arte de la Guerra.pdf
Descarga iniciada Sun Tzu - El Arte de la Guerra.pdf
Descarga iniciada Sun Tzu - El Arte de la Guerra.pdf
22:40:22,419  INFO Rows:130 - Descarga iniciada Sun Tzu - El Arte de la Guerra.pdf
Descarga iniciada Sun Tzu - El Arte de la Guerra.pdf
Descarga iniciada Sun Tzu - El Arte de la Guerra.pdf
Descarga iniciada Sun Tzu - El Arte de la Guerra.pdf
Descarga iniciada Sun Tzu - El Arte de la Guerra.pdf
Descarga iniciada Sun Tzu - El Arte de la Guerra.pdf
Descarga iniciada Sun Tzu - El Arte de la Guerra.pdf
Descarga iniciada Sun Tzu - El Arte de la Guerra.pdf
22:40:23,443  INFO Rows:130 - Descarga iniciada Sun Tzu - El Arte de la Guerra.pdf
Descarga finalizada Sun Tzu - El Arte de la Guerra.pdf
Descarga finalizada Sun Tzu - El Arte de la Guerra.pdf
Descarga finalizada Sun Tzu - El Arte de la Guerra.pdf
Descarga finalizada Sun Tzu - El Arte de la Guerra.pdf
Descarga finalizada Sun Tzu - El Arte de la Guerra.pdf
Descarga finalizada Sun Tzu - El Arte de la Guerra.pdf
Descarga finalizada Sun Tzu - El Arte de la Guerra.pdf
22:40:24,017  INFO Rows:158 - Descarga finalizada Sun Tzu - El Arte de la Guerra.pdf
Descarga finalizada Sun Tzu - El Arte de la Guerra.pdf
Descarga finalizada Sun Tzu - El Arte de la Guerra.pdf
Descarga finalizada Sun Tzu - El Arte de la Guerra.pdf
Descarga finalizada Sun Tzu - El Arte de la Guerra.pdf
Descarga finalizada Sun Tzu - El Arte de la Guerra.pdf
Descarga finalizada Sun Tzu - El Arte de la Guerra.pdf
Descarga finalizada Sun Tzu - El Arte de la Guerra.pdf
22:40:27,743  INFO Rows:158 - Descarga finalizada Sun Tzu - El Arte de la Guerra.pdf
Descarga pausada
Descarga pausada
Descarga pausada
Descarga pausada
Descarga pausada
Descarga pausada
Descarga pausada
22:40:30,323  INFO Rows:105 - Descarga pausada
Descarga Cancelada Sun Tzu - El Arte de la Guerra.pdf
Descarga Cancelada Sun Tzu - El Arte de la Guerra.pdf
Descarga Cancelada Sun Tzu - El Arte de la Guerra.pdf
Descarga Cancelada Sun Tzu - El Arte de la Guerra.pdf
Descarga Cancelada Sun Tzu - El Arte de la Guerra.pdf
Descarga Cancelada Sun Tzu - El Arte de la Guerra.pdf
Descarga Cancelada Sun Tzu - El Arte de la Guerra.pdf
22:40:30,659  INFO Rows:150 - Descarga Cancelada Sun Tzu - El Arte de la Guerra.pdf
Descarga iniciada Sun Tzu - El Arte de la Guerra.pdf
Descarga iniciada Sun Tzu - El Arte de la Guerra.pdf
Descarga iniciada Sun Tzu - El Arte de la Guerra.pdf
Descarga iniciada Sun Tzu - El Arte de la Guerra.pdf
Descarga iniciada Sun Tzu - El Arte de la Guerra.pdf
Descarga iniciada Sun Tzu - El Arte de la Guerra.pdf
Descarga iniciada Sun Tzu - El Arte de la Guerra.pdf
Descarga iniciada Sun Tzu - El Arte de la Guerra.pdf
22:40:31,389  INFO Rows:130 - Descarga iniciada Sun Tzu - El Arte de la Guerra.pdf
Descarga elinimada
Descarga elinimada
Descarga elinimada
Descarga elinimada
Descarga elinimada
Descarga elinimada
Descarga elinimada
Descarga elinimada
22:40:34,507  INFO Rows:171 - Descarga elinimada
Fichero elinimado /home/jorge/Descargas/Sun Tzu - El Arte de la Guerra.pdf
Fichero elinimado /home/jorge/Descargas/Sun Tzu - El Arte de la Guerra.pdf
Fichero elinimado /home/jorge/Descargas/Sun Tzu - El Arte de la Guerra.pdf
Fichero elinimado /home/jorge/Descargas/Sun Tzu - El Arte de la Guerra.pdf
Fichero elinimado /home/jorge/Descargas/Sun Tzu - El Arte de la Guerra.pdf
Fichero elinimado /home/jorge/Descargas/Sun Tzu - El Arte de la Guerra.pdf
Fichero elinimado /home/jorge/Descargas/Sun Tzu - El Arte de la Guerra.pdf
Fichero elinimado /home/jorge/Descargas/Sun Tzu - El Arte de la Guerra.pdf
22:40:34,508  INFO Rows:175 - Fichero elinimado /home/jorge/Descargas/Sun Tzu - El Arte de la Guerra.pdf
Descarga elinimada
Descarga elinimada
Descarga elinimada
Descarga elinimada
Descarga elinimada
Descarga elinimada
Descarga elinimada
Descarga elinimada
22:40:36,131  INFO Rows:171 - Descarga elinimada
Fichero elinimado /home/jorge/Descargas/Sun Tzu - El Arte de la Guerra.pdf
Fichero elinimado /home/jorge/Descargas/Sun Tzu - El Arte de la Guerra.pdf
Fichero elinimado /home/jorge/Descargas/Sun Tzu - El Arte de la Guerra.pdf
Fichero elinimado /home/jorge/Descargas/Sun Tzu - El Arte de la Guerra.pdf
Fichero elinimado /home/jorge/Descargas/Sun Tzu - El Arte de la Guerra.pdf
Fichero elinimado /home/jorge/Descargas/Sun Tzu - El Arte de la Guerra.pdf
Fichero elinimado /home/jorge/Descargas/Sun Tzu - El Arte de la Guerra.pdf
Fichero elinimado /home/jorge/Descargas/Sun Tzu - El Arte de la Guerra.pdf
22:40:36,133  INFO Rows:175 - Fichero elinimado /home/jorge/Descargas/Sun Tzu - El Arte de la Guerra.pdf
Descarga elinimada
Descarga elinimada
Descarga elinimada
Descarga elinimada
Descarga elinimada
Descarga elinimada
Descarga elinimada
Descarga elinimada
22:40:37,858  INFO Rows:171 - Descarga elinimada
Fichero elinimado /home/jorge/Descargas/Sun Tzu - El Arte de la Guerra.pdf
Fichero elinimado /home/jorge/Descargas/Sun Tzu - El Arte de la Guerra.pdf
Fichero elinimado /home/jorge/Descargas/Sun Tzu - El Arte de la Guerra.pdf
Fichero elinimado /home/jorge/Descargas/Sun Tzu - El Arte de la Guerra.pdf
Fichero elinimado /home/jorge/Descargas/Sun Tzu - El Arte de la Guerra.pdf
Fichero elinimado /home/jorge/Descargas/Sun Tzu - El Arte de la Guerra.pdf
Fichero elinimado /home/jorge/Descargas/Sun Tzu - El Arte de la Guerra.pdf
Fichero elinimado /home/jorge/Descargas/Sun Tzu - El Arte de la Guerra.pdf
22:40:37,859  INFO Rows:175 - Fichero elinimado /home/jorge/Descargas/Sun Tzu - El Arte de la Guerra.pdf
Descarga elinimada
Descarga elinimada
Descarga elinimada
Descarga elinimada
Descarga elinimada
Descarga elinimada
Descarga elinimada
Descarga elinimada
22:40:40,627  INFO Rows:171 - Descarga elinimada
Fichero elinimado /home/jorge/Descargas/Sun Tzu - El Arte de la Guerra.pdf
Fichero elinimado /home/jorge/Descargas/Sun Tzu - El Arte de la Guerra.pdf
Fichero elinimado /home/jorge/Descargas/Sun Tzu - El Arte de la Guerra.pdf
Fichero elinimado /home/jorge/Descargas/Sun Tzu - El Arte de la Guerra.pdf
Fichero elinimado /home/jorge/Descargas/Sun Tzu - El Arte de la Guerra.pdf
Fichero elinimado /home/jorge/Descargas/Sun Tzu - El Arte de la Guerra.pdf
Fichero elinimado /home/jorge/Descargas/Sun Tzu - El Arte de la Guerra.pdf
Fichero elinimado /home/jorge/Descargas/Sun Tzu - El Arte de la Guerra.pdf
22:40:40,628  INFO Rows:175 - Fichero elinimado /home/jorge/Descargas/Sun Tzu - El Arte de la Guerra.pdf
Descarga elinimada
Descarga elinimada
Descarga elinimada
Descarga elinimada
Descarga elinimada
Descarga elinimada
Descarga elinimada
Descarga elinimada
22:40:42,723  INFO Rows:171 - Descarga elinimada
Fichero elinimado /home/jorge/Sun Tzu - El Arte de la Guerra.pdf
Fichero elinimado /home/jorge/Sun Tzu - El Arte de la Guerra.pdf
Fichero elinimado /home/jorge/Sun Tzu - El Arte de la Guerra.pdf
Fichero elinimado /home/jorge/Sun Tzu - El Arte de la Guerra.pdf
Fichero elinimado /home/jorge/Sun Tzu - El Arte de la Guerra.pdf
Fichero elinimado /home/jorge/Sun Tzu - El Arte de la Guerra.pdf
Fichero elinimado /home/jorge/Sun Tzu - El Arte de la Guerra.pdf
Fichero elinimado /home/jorge/Sun Tzu - El Arte de la Guerra.pdf
22:40:42,724  INFO Rows:175 - Fichero elinimado /home/jorge/Sun Tzu - El Arte de la Guerra.pdf
Descarga Cancelada Sun Tzu - El Arte de la Guerra.pdf
Descarga Cancelada Sun Tzu - El Arte de la Guerra.pdf
Descarga Cancelada Sun Tzu - El Arte de la Guerra.pdf
Descarga Cancelada Sun Tzu - El Arte de la Guerra.pdf
Descarga Cancelada Sun Tzu - El Arte de la Guerra.pdf
Descarga Cancelada Sun Tzu - El Arte de la Guerra.pdf
Descarga Cancelada Sun Tzu - El Arte de la Guerra.pdf
Descarga Cancelada Sun Tzu - El Arte de la Guerra.pdf
22:40:42,901  INFO Rows:150 - Descarga Cancelada Sun Tzu - El Arte de la Guerra.pdf
Descarga elinimada
Descarga elinimada
Descarga elinimada
Descarga elinimada
Descarga elinimada
Descarga elinimada
Descarga elinimada
Descarga elinimada
22:40:44,490  INFO Rows:171 - Descarga elinimada
Fichero elinimado /home/jorge/Sun Tzu - El Arte de la Guerra.pdf
Fichero elinimado /home/jorge/Sun Tzu - El Arte de la Guerra.pdf
Fichero elinimado /home/jorge/Sun Tzu - El Arte de la Guerra.pdf
Fichero elinimado /home/jorge/Sun Tzu - El Arte de la Guerra.pdf
Fichero elinimado /home/jorge/Sun Tzu - El Arte de la Guerra.pdf
Fichero elinimado /home/jorge/Sun Tzu - El Arte de la Guerra.pdf
Fichero elinimado /home/jorge/Sun Tzu - El Arte de la Guerra.pdf
Fichero elinimado /home/jorge/Sun Tzu - El Arte de la Guerra.pdf
22:40:44,491  INFO Rows:175 - Fichero elinimado /home/jorge/Sun Tzu - El Arte de la Guerra.pdf
Descarga Cancelada Sun Tzu - El Arte de la Guerra.pdf
Descarga Cancelada Sun Tzu - El Arte de la Guerra.pdf
Descarga Cancelada Sun Tzu - El Arte de la Guerra.pdf
Descarga Cancelada Sun Tzu - El Arte de la Guerra.pdf
Descarga Cancelada Sun Tzu - El Arte de la Guerra.pdf
Descarga Cancelada Sun Tzu - El Arte de la Guerra.pdf
Descarga Cancelada Sun Tzu - El Arte de la Guerra.pdf
Descarga Cancelada Sun Tzu - El Arte de la Guerra.pdf
22:40:44,939  INFO Rows:150 - Descarga Cancelada Sun Tzu - El Arte de la Guerra.pdf
Descarga elinimada
Descarga elinimada
Descarga elinimada
Descarga elinimada
Descarga elinimada
Descarga elinimada
Descarga elinimada
Descarga elinimada
22:40:46,369  INFO Rows:171 - Descarga elinimada
Fichero elinimado /home/jorge/Sun Tzu - El Arte de la Guerra.pdf
Fichero elinimado /home/jorge/Sun Tzu - El Arte de la Guerra.pdf
Fichero elinimado /home/jorge/Sun Tzu - El Arte de la Guerra.pdf
Fichero elinimado /home/jorge/Sun Tzu - El Arte de la Guerra.pdf
Fichero elinimado /home/jorge/Sun Tzu - El Arte de la Guerra.pdf
Fichero elinimado /home/jorge/Sun Tzu - El Arte de la Guerra.pdf
Fichero elinimado /home/jorge/Sun Tzu - El Arte de la Guerra.pdf
Fichero elinimado /home/jorge/Sun Tzu - El Arte de la Guerra.pdf
22:40:46,369  INFO Rows:175 - Fichero elinimado /home/jorge/Sun Tzu - El Arte de la Guerra.pdf
Descarga Cancelada Sun Tzu - El Arte de la Guerra.pdf
Descarga Cancelada Sun Tzu - El Arte de la Guerra.pdf
Descarga Cancelada Sun Tzu - El Arte de la Guerra.pdf
Descarga Cancelada Sun Tzu - El Arte de la Guerra.pdf
Descarga Cancelada Sun Tzu - El Arte de la Guerra.pdf
Descarga Cancelada Sun Tzu - El Arte de la Guerra.pdf
Descarga Cancelada Sun Tzu - El Arte de la Guerra.pdf
Descarga Cancelada Sun Tzu - El Arte de la Guerra.pdf
22:40:46,462  INFO Rows:150 - Descarga Cancelada Sun Tzu - El Arte de la Guerra.pdf
Descarga iniciada Sun Tzu - El Arte de la Guerra.pdf
22:42:55,283  INFO Rows:130 - Descarga iniciada Sun Tzu - El Arte de la Guerra.pdf
Descarga pausada
22:42:58,953  INFO Rows:105 - Descarga pausada
Descarga Cancelada Sun Tzu - El Arte de la Guerra.pdf
22:42:59,297  INFO Rows:150 - Descarga Cancelada Sun Tzu - El Arte de la Guerra.pdf
Descarga iniciada Sun Tzu - El Arte de la Guerra.pdf
Descarga iniciada Sun Tzu - El Arte de la Guerra.pdf
22:43:00,723  INFO Rows:130 - Descarga iniciada Sun Tzu - El Arte de la Guerra.pdf
Descarga elinimada
Descarga elinimada
22:43:05,097  INFO Rows:171 - Descarga elinimada
Descarga Cancelada Sun Tzu - El Arte de la Guerra.pdf
Descarga Cancelada Sun Tzu - El Arte de la Guerra.pdf
22:43:05,228  INFO Rows:150 - Descarga Cancelada Sun Tzu - El Arte de la Guerra.pdf
Descarga iniciada Sun Tzu - El Arte de la Guerra.pdf
22:53:16,986  INFO Rows:125 - Descarga iniciada Sun Tzu - El Arte de la Guerra.pdf
Descarga iniciada Sun Tzu - El Arte de la Guerra.pdf
22:55:10,381  INFO Rows:125 - Descarga iniciada Sun Tzu - El Arte de la Guerra.pdf
